<?xml version="1.0" encoding="UTF-8" ?>
<testsuite errors="0" failures="0" hostname="Yggdrasil" name="test.dao.TestDAO" tests="1" time="52.812" timestamp="2009-06-02T05:53:27">
  <properties>
[...]
</properties>
  <testcase classname="test.dao.TestDAO" name="testDAOClientesJDBC" time="52.703" />
  <system-out><![CDATA[INICIO :::::::::::: testDAOClientesJDBC ::::::::::::::: 
clienteVO:::clientes.vo.ClienteVO@dc9065
FIN :::::::::::: testDAOClientesJDBC ::::::::::::::: 
]]></system-out>
  <system-err><![CDATA[]]></system-err>
</testsuite>
