<?xml version="1.0" encoding="UTF-8" ?>
<testsuite errors="1" failures="0" hostname="macbook-de-sigfrido-perez-coapango.local" name="test.cv.ficha.TestFicha" tests="1" time="0.141" timestamp="2009-06-15T19:25:53">
  <properties>
[...]
</properties>
  <testcase classname="test.cv.ficha.TestFicha" name="initializationError" time="0.0090">
    <error message="No runnable methods" type="java.lang.Exception">java.lang.Exception: No runnable methods
	at java.lang.reflect.Constructor.newInstance(Constructor.java:513)
</error>
  </testcase>
  <system-out><![CDATA[]]></system-out>
  <system-err><![CDATA[]]></system-err>
</testsuite>
